<component name="libraryTable">
  <library name="junit-4.11">
    <CLASSES>
      <root url="jar://C:/Program Files (x86)/junit-4.11/junit-4.11.jar!/" />
      <root url="jar://C:/Program Files (x86)/junit-4.11/hamcrest-core-1.3.jar!/" />
    </CLASSES>
    <JAVADOC />
    <SOURCES />
  </library>
</component>